2025-06-16 14:18:17,270 - INFO - Attempting to check out device. Barcode: 1231233, Name: 
2025-06-16 14:18:17,270 - WARNING - Both barcode and attendee name are required
2025-06-16 14:18:42,886 - INFO - Attempting to check out device. Barcode: 1231233, Name: David Smith
2025-06-16 14:18:42,887 - DEBUG - Checking device status in database
2025-06-16 14:18:42,887 - INFO - Updating existing device record: 1231233
2025-06-16 14:18:42,967 - INFO - Successfully checked out device 1231233 to David Smith
2025-06-16 14:20:32,406 - INFO - Attempting to check in device. Barcode: 1231233
2025-06-16 14:20:32,407 - DEBUG - Checking device status in database
2025-06-16 14:20:32,477 - INFO - Checking in device 1231233 at 2025-06-16 17:20:32
2025-06-16 14:20:32,480 - INFO - Successfully checked in device 1231233
2025-06-16 14:21:03,463 - INFO - Attempting to check out device. Barcode: 1231233, Name: David Tim
2025-06-16 14:21:03,463 - DEBUG - Checking device status in database
2025-06-16 14:21:03,464 - INFO - Updating existing device record: 1231233
2025-06-16 14:21:03,478 - INFO - Successfully checked out device 1231233 to David Tim
2025-06-16 14:21:58,679 - INFO - Attempting to check out device. Barcode: 10001, Name: David Uly
2025-06-16 14:21:58,680 - DEBUG - Checking device status in database
2025-06-16 14:21:58,680 - INFO - Creating new device record: 10001
2025-06-16 14:21:58,684 - INFO - Successfully checked out device 10001 to David Uly
2025-06-16 14:22:48,959 - INFO - Attempting to check out device. Barcode: 10002, Name: David Victor
2025-06-16 14:22:48,960 - DEBUG - Checking device status in database
2025-06-16 14:22:48,960 - INFO - Creating new device record: 10002
2025-06-16 14:22:48,975 - INFO - Successfully checked out device 10002 to David Victor
2025-06-16 14:23:15,919 - INFO - Attempting to check out device. Barcode: 10002, Name: David W
2025-06-16 14:23:15,919 - DEBUG - Checking device status in database
2025-06-16 14:23:15,920 - WARNING - Device 10002 is already checked out
2025-06-16 14:23:30,743 - INFO - Attempting to check out device. Barcode: 10002, Name: David W
2025-06-16 14:23:30,744 - DEBUG - Checking device status in database
2025-06-16 14:23:30,744 - WARNING - Device 10002 is already checked out
2025-06-16 14:23:33,112 - INFO - Attempting to check in device. Barcode: 10002
2025-06-16 14:23:33,112 - DEBUG - Checking device status in database
2025-06-16 14:23:33,113 - INFO - Checking in device 10002 at 2025-06-16 17:23:33
2025-06-16 14:23:33,116 - INFO - Successfully checked in device 10002
2025-06-16 19:17:26,874 - INFO - Attempting to check out device. Barcode: 0194735111664, Name: David W
2025-06-16 19:17:50,055 - INFO - Attempting to check out device. Barcode: 10003, Name: David W
2025-06-16 19:20:09,023 - INFO - Attempting to check out device. Barcode: 0194735111664, Name: David W
2025-06-16 19:20:22,564 - ERROR - Unexpected error during check-in: name 'DB_FILE' is not defined
Traceback (most recent call last):
  File "C:\Users\SAP01\CascadeProjects\barcode_tracker\main.py", line 751, in check_in_device
    conn = sqlite3.connect(DB_FILE)
                           ^^^^^^^
NameError: name 'DB_FILE' is not defined
2025-06-16 19:22:05,116 - INFO - Attempting to check out device. Barcode: 0194735111664, Name: David X
2025-06-16 19:25:09,450 - INFO - Attempting to check out device. Barcode: 0194735111664, Name: David Z
2025-06-16 19:29:39,808 - INFO - Attempting to check out device. Barcode: 0194735111664, Name: Sam W
2025-06-16 19:29:39,809 - WARNING - Invalid email format: samw@de
2025-06-16 19:31:24,187 - INFO - Attempting to check out device. Barcode: 0194735111664, Name: Sam W
2025-06-16 19:31:24,187 - WARNING - Invalid email format: samw@de
2025-06-16 19:31:39,270 - INFO - Attempting to check out device. Barcode: 0194735111664, Name: Sam W
2025-06-16 19:35:08,807 - INFO - Attempting to check out device. Barcode: 0194735111664, Name: Sam W
2025-06-16 19:35:30,622 - INFO - Attempting to check out device. Barcode: 0194735111664, Name: Sam W
2025-06-16 19:35:31,316 - INFO - Attempting to check out device. Barcode: 0194735111664, Name: Sam W
2025-06-16 20:06:17,026 - ERROR - Error exporting to Excel: 'BarcodeTracker' object has no attribute 'show_status'
2025-06-16 20:15:16,379 - INFO - Attempting to check out device. Barcode: 9780316392860, Name: David X
2025-06-16 20:15:16,379 - WARNING - Invalid email format: dx
2025-06-16 20:15:26,683 - INFO - Attempting to check out device. Barcode: 9780316392860, Name: David X
2025-06-16 20:20:03,842 - INFO - Attempting to check out device. Barcode: 0194735111664, Name: David w
2025-06-16 20:20:03,842 - WARNING - Invalid email format: dw@examp
2025-06-16 20:20:08,908 - INFO - Attempting to check out device. Barcode: 0194735111664, Name: David w
2025-06-16 20:23:10,565 - INFO - Attempting to check out device. Barcode: , Name: 
2025-06-16 20:23:10,565 - WARNING - Both barcode and attendee name are required
2025-06-16 20:24:08,117 - INFO - Attempting to check out device. Barcode: 0194735111664, Name: Sam A
2025-06-16 20:24:08,117 - WARNING - Invalid email format: sama@
2025-06-16 20:24:17,466 - INFO - Attempting to check out device. Barcode: 0194735111664, Name: Sam A
2025-06-16 20:24:51,261 - INFO - Attempting to check out device. Barcode: 0194735111664, Name: Sam B
